[debug] [2026-02-25T22:27:21.935Z] ----------------------------------------------------------------------
[debug] [2026-02-25T22:27:21.937Z] Command:       /usr/local/bin/node /usr/local/bin/firebase emulators:start
[debug] [2026-02-25T22:27:21.938Z] CLI Version:   15.7.0
[debug] [2026-02-25T22:27:21.938Z] Platform:      linux
[debug] [2026-02-25T22:27:21.939Z] Node Version:  v20.19.6
[debug] [2026-02-25T22:27:21.939Z] Time:          Wed Feb 25 2026 22:27:21 GMT+0000 (Coordinated Universal Time)
[debug] [2026-02-25T22:27:21.939Z] ----------------------------------------------------------------------
[debug] 
[debug] [2026-02-25T22:27:23.279Z] > command requires scopes: ["email","openid","https://www.googleapis.com/auth/cloudplatformprojects.readonly","https://www.googleapis.com/auth/firebase","https://www.googleapis.com/auth/cloud-platform"]
[debug] Failed to authenticate, have you run firebase login?
[warn] ⚠  emulators: You are not currently authenticated so some features may not work correctly. Please run firebase login to authenticate the CLI. 
[debug] [2026-02-25T22:27:23.357Z] openjdk version "21.0.10" 2026-01-20
OpenJDK Runtime Environment (build 21.0.10+7-Ubuntu-122.04)
OpenJDK 64-Bit Server VM (build 21.0.10+7-Ubuntu-122.04, mixed mode, sharing)

[debug] [2026-02-25T22:27:23.366Z] Parsed Java major version: 21
[info] i  emulators: Starting emulators: auth, firestore {"metadata":{"emulator":{"name":"hub"},"message":"Starting emulators: auth, firestore"}}
[info] i  emulators: Detected demo project ID "demo-no-project", emulated services will use a demo configuration and attempts to access non-emulated services for this project will fail. {"metadata":{"emulator":{"name":"hub"},"message":"Detected demo project ID \"demo-no-project\", emulated services will use a demo configuration and attempts to access non-emulated services for this project will fail."}}
[debug] [2026-02-25T22:27:23.375Z] [logging] Logging Emulator only supports listening on one address (127.0.0.1). Not listening on ::1
[debug] [2026-02-25T22:27:23.375Z] [auth] Authentication Emulator only supports listening on one address (127.0.0.1). Not listening on ::1
[debug] [2026-02-25T22:27:23.375Z] [firestore] Firestore Emulator only supports listening on one address (127.0.0.1). Not listening on ::1
[debug] [2026-02-25T22:27:23.375Z] [firestore.websocket] websocket server for firestore only supports listening on one address (127.0.0.1). Not listening on ::1
[debug] [2026-02-25T22:27:23.375Z] assigned listening specs for emulators {"user":{"hub":[{"address":"127.0.0.1","family":"IPv4","port":4400},{"address":"::1","family":"IPv6","port":4400}],"ui":[{"address":"127.0.0.1","family":"IPv4","port":4000},{"address":"::1","family":"IPv6","port":4000}],"logging":[{"address":"127.0.0.1","family":"IPv4","port":4500}],"auth":[{"address":"127.0.0.1","family":"IPv4","port":9099}],"firestore":[{"address":"127.0.0.1","family":"IPv4","port":8080}],"firestore.websocket":[{"address":"127.0.0.1","family":"IPv4","port":9150}]},"metadata":{"message":"assigned listening specs for emulators"}}
[debug] [2026-02-25T22:27:23.382Z] Write emulator hub locator at /tmp/hub-demo-no-project.json
[warn] ⚠  firestore: Cloud Firestore Emulator does not support multiple databases yet. {"metadata":{"emulator":{"name":"firestore"},"message":"Cloud Firestore Emulator does not support multiple databases yet."}}
[warn] ⚠  firestore: Did not find a Cloud Firestore rules file specified in a firebase.json config file. {"metadata":{"emulator":{"name":"firestore"},"message":"Did not find a Cloud Firestore rules file specified in a firebase.json config file."}}
[warn] ⚠  firestore: The emulator will default to allowing all reads and writes. Learn more about this option: https://firebase.google.com/docs/emulator-suite/install_and_configure#security_rules_configuration. {"metadata":{"emulator":{"name":"firestore"},"message":"The emulator will default to allowing all reads and writes. Learn more about this option: https://firebase.google.com/docs/emulator-suite/install_and_configure#security_rules_configuration."}}
[info] i  firestore: downloading cloud-firestore-emulator-v1.20.2.jar... {"metadata":{"emulator":{"name":"firestore"},"message":"downloading cloud-firestore-emulator-v1.20.2.jar..."}}
[debug] [2026-02-25T22:27:23.394Z] >>> [apiv2][query] GET https://storage.googleapis.com/firebase-preview-drop/emulator/cloud-firestore-emulator-v1.20.2.jar 
[debug] [2026-02-25T22:27:23.563Z] <<< [apiv2][status] GET https://storage.googleapis.com/firebase-preview-drop/emulator/cloud-firestore-emulator-v1.20.2.jar 200
[debug] [2026-02-25T22:27:23.564Z] <<< [apiv2][body] GET https://storage.googleapis.com/firebase-preview-drop/emulator/cloud-firestore-emulator-v1.20.2.jar [stream]
[debug] [2026-02-25T22:27:26.330Z] Ignoring unsupported arg: auto_download {"metadata":{"emulator":{"name":"firestore"},"message":"Ignoring unsupported arg: auto_download"}}
[debug] [2026-02-25T22:27:26.330Z] Ignoring unsupported arg: single_project_mode_error {"metadata":{"emulator":{"name":"firestore"},"message":"Ignoring unsupported arg: single_project_mode_error"}}
[debug] [2026-02-25T22:27:26.330Z] Starting Firestore Emulator with command {"binary":"java","args":["-Dgoogle.cloud_firestore.debug_log_level=FINE","-Duser.language=en","-jar","/home/agent_0f860fc0-e243-42a7-aa4e-39e67fbeb76f/.cache/firebase/emulators/cloud-firestore-emulator-v1.20.2.jar","--host","127.0.0.1","--port",8080,"--websocket_port",9150,"--project_id","demo-no-project","--single_project_mode",true],"optionalArgs":["port","webchannel_port","host","rules","websocket_port","functions_emulator","seed_from_export","project_id","single_project_mode"],"joinArgs":false,"shell":false,"port":8080} {"metadata":{"emulator":{"name":"firestore"},"message":"Starting Firestore Emulator with command {\"binary\":\"java\",\"args\":[\"-Dgoogle.cloud_firestore.debug_log_level=FINE\",\"-Duser.language=en\",\"-jar\",\"/home/agent_0f860fc0-e243-42a7-aa4e-39e67fbeb76f/.cache/firebase/emulators/cloud-firestore-emulator-v1.20.2.jar\",\"--host\",\"127.0.0.1\",\"--port\",8080,\"--websocket_port\",9150,\"--project_id\",\"demo-no-project\",\"--single_project_mode\",true],\"optionalArgs\":[\"port\",\"webchannel_port\",\"host\",\"rules\",\"websocket_port\",\"functions_emulator\",\"seed_from_export\",\"project_id\",\"single_project_mode\"],\"joinArgs\":false,\"shell\":false,\"port\":8080}"}}
[info] i  firestore: Firestore Emulator logging to firestore-debug.log {"metadata":{"emulator":{"name":"firestore"},"message":"Firestore Emulator logging to firestore-debug.log"}}
[debug] [2026-02-25T22:27:28.829Z] Feb 25, 2026 10:27:28 PM com.google.cloud.datastore.emulator.firestore.websocket.WebSocketServer start
INFO: Started WebSocket server on ws://127.0.0.1:9150
 {"metadata":{"emulator":{"name":"firestore"},"message":"Feb 25, 2026 10:27:28 PM com.google.cloud.datastore.emulator.firestore.websocket.WebSocketServer start\nINFO: Started WebSocket server on ws://127.0.0.1:9150\n"}}
[debug] [2026-02-25T22:27:28.873Z] API endpoint: http://127.0.0.1:8080 {"metadata":{"emulator":{"name":"firestore"},"message":"API endpoint: http://127.0.0.1:8080"}}
[debug] [2026-02-25T22:27:28.874Z] 
If you are using a library that supports the FIRESTORE_EMULATOR_HOST environment variable, run:

   export FIRESTORE_EMULATOR_HOST=127.0.0.1:8080

If you are running a Firestore in Datastore Mode project, run:

   export DATASTORE_EMULATOR_HOST=127.0.0.1:8080

Note: Support for Datastore Mode is in preview. If you encounter any bugs please file at https://github.com/firebase/firebase-tools/issues.
Dev App Server is now running.

 {"metadata":{"emulator":{"name":"firestore"},"message":"\nIf you are using a library that supports the FIRESTORE_EMULATOR_HOST environment variable, run:\n\n   export FIRESTORE_EMULATOR_HOST=127.0.0.1:8080\n\nIf you are running a Firestore in Datastore Mode project, run:\n\n   export DATASTORE_EMULATOR_HOST=127.0.0.1:8080\n\nNote: Support for Datastore Mode is in preview. If you encounter any bugs please file at https://github.com/firebase/firebase-tools/issues.\nDev App Server is now running.\n\n"}}
[info] ✔  firestore: Firestore Emulator UI websocket is running on 9150. {"metadata":{"emulator":{"name":"firestore"},"message":"Firestore Emulator UI websocket is running on 9150."}}
[info] i  ui: downloading ui-v1.15.0.zip... {"metadata":{"emulator":{"name":"ui"},"message":"downloading ui-v1.15.0.zip..."}}
[debug] [2026-02-25T22:27:42.473Z] >>> [apiv2][query] GET https://storage.googleapis.com/firebase-preview-drop/emulator/ui-v1.15.0.zip 
[debug] [2026-02-25T22:27:42.655Z] <<< [apiv2][status] GET https://storage.googleapis.com/firebase-preview-drop/emulator/ui-v1.15.0.zip 200
[debug] [2026-02-25T22:27:42.655Z] <<< [apiv2][body] GET https://storage.googleapis.com/firebase-preview-drop/emulator/ui-v1.15.0.zip [stream]
[debug] [2026-02-25T22:27:42.877Z] Data is 3538469
[debug] [2026-02-25T22:27:42.878Z] [unzip] Entry: client/ (compressed_size=0 bytes, uncompressed_size=0 bytes)
[debug] [2026-02-25T22:27:42.878Z] [unzip] Processing entry: client/
[debug] [2026-02-25T22:27:42.878Z] [unzip] mkdir: /home/agent_0f860fc0-e243-42a7-aa4e-39e67fbeb76f/.cache/firebase/emulators/ui-v1.15.0/client/
[debug] [2026-02-25T22:27:42.879Z] [unzip] Entry: client/favicon-16x16.png (compressed_size=293 bytes, uncompressed_size=293 bytes)
[debug] [2026-02-25T22:27:42.879Z] [unzip] Processing entry: client/favicon-16x16.png
[debug] [2026-02-25T22:27:42.879Z] [unzip] else mkdir: /home/agent_0f860fc0-e243-42a7-aa4e-39e67fbeb76f/.cache/firebase/emulators/ui-v1.15.0/client
[debug] [2026-02-25T22:27:42.879Z] [unzip] Writing file: /home/agent_0f860fc0-e243-42a7-aa4e-39e67fbeb76f/.cache/firebase/emulators/ui-v1.15.0/client/favicon-16x16.png
[debug] [2026-02-25T22:27:42.880Z] [unzip] Entry: client/safari-pinned-tab.svg (compressed_size=1433 bytes, uncompressed_size=2611 bytes)
[debug] [2026-02-25T22:27:42.881Z] [unzip] Processing entry: client/safari-pinned-tab.svg
[debug] [2026-02-25T22:27:42.881Z] [unzip] else mkdir: /home/agent_0f860fc0-e243-42a7-aa4e-39e67fbeb76f/.cache/firebase/emulators/ui-v1.15.0/client
[debug] [2026-02-25T22:27:42.881Z] [unzip] deflating: /home/agent_0f860fc0-e243-42a7-aa4e-39e67fbeb76f/.cache/firebase/emulators/ui-v1.15.0/client/safari-pinned-tab.svg
[debug] [2026-02-25T22:27:42.888Z] [unzip] Entry: client/favicon.ico (compressed_size=2933 bytes, uncompressed_size=13294 bytes)
[debug] [2026-02-25T22:27:42.889Z] [unzip] Processing entry: client/favicon.ico
[debug] [2026-02-25T22:27:42.889Z] [unzip] else mkdir: /home/agent_0f860fc0-e243-42a7-aa4e-39e67fbeb76f/.cache/firebase/emulators/ui-v1.15.0/client
[debug] [2026-02-25T22:27:42.889Z] [unzip] deflating: /home/agent_0f860fc0-e243-42a7-aa4e-39e67fbeb76f/.cache/firebase/emulators/ui-v1.15.0/client/favicon.ico
[debug] [2026-02-25T22:27:42.891Z] [unzip] Entry: client/index.html (compressed_size=1364 bytes, uncompressed_size=3071 bytes)
[debug] [2026-02-25T22:27:42.891Z] [unzip] Processing entry: client/index.html
[debug] [2026-02-25T22:27:42.891Z] [unzip] else mkdir: /home/agent_0f860fc0-e243-42a7-aa4e-39e67fbeb76f/.cache/firebase/emulators/ui-v1.15.0/client
[debug] [2026-02-25T22:27:42.891Z] [unzip] deflating: /home/agent_0f860fc0-e243-42a7-aa4e-39e67fbeb76f/.cache/firebase/emulators/ui-v1.15.0/client/index.html
[debug] [2026-02-25T22:27:42.893Z] [unzip] Entry: client/android-chrome-192x192.png (compressed_size=2684 bytes, uncompressed_size=2684 bytes)
[debug] [2026-02-25T22:27:42.893Z] [unzip] Processing entry: client/android-chrome-192x192.png
[debug] [2026-02-25T22:27:42.893Z] [unzip] else mkdir: /home/agent_0f860fc0-e243-42a7-aa4e-39e67fbeb76f/.cache/firebase/emulators/ui-v1.15.0/client
[debug] [2026-02-25T22:27:42.893Z] [unzip] Writing file: /home/agent_0f860fc0-e243-42a7-aa4e-39e67fbeb76f/.cache/firebase/emulators/ui-v1.15.0/client/android-chrome-192x192.png
[debug] [2026-02-25T22:27:42.894Z] [unzip] Entry: client/apple-touch-icon.png (compressed_size=2123 bytes, uncompressed_size=2152 bytes)
[debug] [2026-02-25T22:27:42.894Z] [unzip] Processing entry: client/apple-touch-icon.png
[debug] [2026-02-25T22:27:42.894Z] [unzip] else mkdir: /home/agent_0f860fc0-e243-42a7-aa4e-39e67fbeb76f/.cache/firebase/emulators/ui-v1.15.0/client
[debug] [2026-02-25T22:27:42.894Z] [unzip] deflating: /home/agent_0f860fc0-e243-42a7-aa4e-39e67fbeb76f/.cache/firebase/emulators/ui-v1.15.0/client/apple-touch-icon.png
[debug] [2026-02-25T22:27:42.896Z] [unzip] Entry: client/android-chrome-512x512.png (compressed_size=5369 bytes, uncompressed_size=5411 bytes)
[debug] [2026-02-25T22:27:42.896Z] [unzip] Processing entry: client/android-chrome-512x512.png
[debug] [2026-02-25T22:27:42.896Z] [unzip] else mkdir: /home/agent_0f860fc0-e243-42a7-aa4e-39e67fbeb76f/.cache/firebase/emulators/ui-v1.15.0/client
[debug] [2026-02-25T22:27:42.896Z] [unzip] deflating: /home/agent_0f860fc0-e243-42a7-aa4e-39e67fbeb76f/.cache/firebase/emulators/ui-v1.15.0/client/android-chrome-512x512.png
[debug] [2026-02-25T22:27:42.897Z] [unzip] Entry: client/manifest.json (compressed_size=245 bytes, uncompressed_size=551 bytes)
[debug] [2026-02-25T22:27:42.898Z] [unzip] Processing entry: client/manifest.json
[debug] [2026-02-25T22:27:42.898Z] [unzip] else mkdir: /home/agent_0f860fc0-e243-42a7-aa4e-39e67fbeb76f/.cache/firebase/emulators/ui-v1.15.0/client
[debug] [2026-02-25T22:27:42.898Z] [unzip] deflating: /home/agent_0f860fc0-e243-42a7-aa4e-39e67fbeb76f/.cache/firebase/emulators/ui-v1.15.0/client/manifest.json
[debug] [2026-02-25T22:27:42.899Z] [unzip] Entry: client/robots.txt (compressed_size=26 bytes, uncompressed_size=26 bytes)
[debug] [2026-02-25T22:27:42.899Z] [unzip] Processing entry: client/robots.txt
[debug] [2026-02-25T22:27:42.899Z] [unzip] else mkdir: /home/agent_0f860fc0-e243-42a7-aa4e-39e67fbeb76f/.cache/firebase/emulators/ui-v1.15.0/client
[debug] [2026-02-25T22:27:42.900Z] [unzip] Writing file: /home/agent_0f860fc0-e243-42a7-aa4e-39e67fbeb76f/.cache/firebase/emulators/ui-v1.15.0/client/robots.txt
[debug] [2026-02-25T22:27:42.900Z] [unzip] Entry: client/mstile-150x150.png (compressed_size=2034 bytes, uncompressed_size=2034 bytes)
[debug] [2026-02-25T22:27:42.900Z] [unzip] Processing entry: client/mstile-150x150.png
[debug] [2026-02-25T22:27:42.901Z] [unzip] else mkdir: /home/agent_0f860fc0-e243-42a7-aa4e-39e67fbeb76f/.cache/firebase/emulators/ui-v1.15.0/client
[debug] [2026-02-25T22:27:42.901Z] [unzip] Writing file: /home/agent_0f860fc0-e243-42a7-aa4e-39e67fbeb76f/.cache/firebase/emulators/ui-v1.15.0/client/mstile-150x150.png
[debug] [2026-02-25T22:27:42.901Z] [unzip] Entry: client/assets/ (compressed_size=0 bytes, uncompressed_size=0 bytes)
[debug] [2026-02-25T22:27:42.901Z] [unzip] Processing entry: client/assets/
[debug] [2026-02-25T22:27:42.901Z] [unzip] mkdir: /home/agent_0f860fc0-e243-42a7-aa4e-39e67fbeb76f/.cache/firebase/emulators/ui-v1.15.0/client/assets/
[debug] [2026-02-25T22:27:42.902Z] [unzip] Entry: client/assets/index-BX-A56oj.js (compressed_size=582089 bytes, uncompressed_size=2092775 bytes)
[debug] [2026-02-25T22:27:42.902Z] [unzip] Processing entry: client/assets/index-BX-A56oj.js
[debug] [2026-02-25T22:27:42.902Z] [unzip] else mkdir: /home/agent_0f860fc0-e243-42a7-aa4e-39e67fbeb76f/.cache/firebase/emulators/ui-v1.15.0/client/assets
[debug] [2026-02-25T22:27:42.902Z] [unzip] deflating: /home/agent_0f860fc0-e243-42a7-aa4e-39e67fbeb76f/.cache/firebase/emulators/ui-v1.15.0/client/assets/index-BX-A56oj.js
[debug] [2026-02-25T22:27:42.924Z] [unzip] Entry: client/assets/index-CjB9C900.css (compressed_size=35979 bytes, uncompressed_size=298654 bytes)
[debug] [2026-02-25T22:27:42.924Z] [unzip] Processing entry: client/assets/index-CjB9C900.css
[debug] [2026-02-25T22:27:42.924Z] [unzip] else mkdir: /home/agent_0f860fc0-e243-42a7-aa4e-39e67fbeb76f/.cache/firebase/emulators/ui-v1.15.0/client/assets
[debug] [2026-02-25T22:27:42.925Z] [unzip] deflating: /home/agent_0f860fc0-e243-42a7-aa4e-39e67fbeb76f/.cache/firebase/emulators/ui-v1.15.0/client/assets/index-CjB9C900.css
[debug] [2026-02-25T22:27:42.928Z] [unzip] Entry: client/assets/index-BX-A56oj.js.map (compressed_size=2362482 bytes, uncompressed_size=10036679 bytes)
[debug] [2026-02-25T22:27:42.929Z] [unzip] Processing entry: client/assets/index-BX-A56oj.js.map
[debug] [2026-02-25T22:27:42.929Z] [unzip] else mkdir: /home/agent_0f860fc0-e243-42a7-aa4e-39e67fbeb76f/.cache/firebase/emulators/ui-v1.15.0/client/assets
[debug] [2026-02-25T22:27:42.929Z] [unzip] deflating: /home/agent_0f860fc0-e243-42a7-aa4e-39e67fbeb76f/.cache/firebase/emulators/ui-v1.15.0/client/assets/index-BX-A56oj.js.map
[debug] [2026-02-25T22:27:43.025Z] [unzip] Entry: client/assets/extensions/ (compressed_size=0 bytes, uncompressed_size=0 bytes)
[debug] [2026-02-25T22:27:43.025Z] [unzip] Processing entry: client/assets/extensions/
[debug] [2026-02-25T22:27:43.025Z] [unzip] mkdir: /home/agent_0f860fc0-e243-42a7-aa4e-39e67fbeb76f/.cache/firebase/emulators/ui-v1.15.0/client/assets/extensions/
[debug] [2026-02-25T22:27:43.025Z] [unzip] Entry: client/assets/extensions/default-extension.png (compressed_size=1646 bytes, uncompressed_size=1657 bytes)
[debug] [2026-02-25T22:27:43.026Z] [unzip] Processing entry: client/assets/extensions/default-extension.png
[debug] [2026-02-25T22:27:43.026Z] [unzip] else mkdir: /home/agent_0f860fc0-e243-42a7-aa4e-39e67fbeb76f/.cache/firebase/emulators/ui-v1.15.0/client/assets/extensions
[debug] [2026-02-25T22:27:43.026Z] [unzip] deflating: /home/agent_0f860fc0-e243-42a7-aa4e-39e67fbeb76f/.cache/firebase/emulators/ui-v1.15.0/client/assets/extensions/default-extension.png
[debug] [2026-02-25T22:27:43.027Z] [unzip] Entry: client/assets/img/ (compressed_size=0 bytes, uncompressed_size=0 bytes)
[debug] [2026-02-25T22:27:43.027Z] [unzip] Processing entry: client/assets/img/
[debug] [2026-02-25T22:27:43.027Z] [unzip] mkdir: /home/agent_0f860fc0-e243-42a7-aa4e-39e67fbeb76f/.cache/firebase/emulators/ui-v1.15.0/client/assets/img/
[debug] [2026-02-25T22:27:43.027Z] [unzip] Entry: client/assets/img/database.png (compressed_size=29449 bytes, uncompressed_size=29988 bytes)
[debug] [2026-02-25T22:27:43.027Z] [unzip] Processing entry: client/assets/img/database.png
[debug] [2026-02-25T22:27:43.027Z] [unzip] else mkdir: /home/agent_0f860fc0-e243-42a7-aa4e-39e67fbeb76f/.cache/firebase/emulators/ui-v1.15.0/client/assets/img
[debug] [2026-02-25T22:27:43.028Z] [unzip] deflating: /home/agent_0f860fc0-e243-42a7-aa4e-39e67fbeb76f/.cache/firebase/emulators/ui-v1.15.0/client/assets/img/database.png
[debug] [2026-02-25T22:27:43.029Z] [unzip] Entry: client/assets/provider-icons/ (compressed_size=0 bytes, uncompressed_size=0 bytes)
[debug] [2026-02-25T22:27:43.029Z] [unzip] Processing entry: client/assets/provider-icons/
[debug] [2026-02-25T22:27:43.029Z] [unzip] mkdir: /home/agent_0f860fc0-e243-42a7-aa4e-39e67fbeb76f/.cache/firebase/emulators/ui-v1.15.0/client/assets/provider-icons/
[debug] [2026-02-25T22:27:43.029Z] [unzip] Entry: client/assets/provider-icons/auth_service_saml.svg (compressed_size=575 bytes, uncompressed_size=1226 bytes)
[debug] [2026-02-25T22:27:43.030Z] [unzip] Processing entry: client/assets/provider-icons/auth_service_saml.svg
[debug] [2026-02-25T22:27:43.030Z] [unzip] else mkdir: /home/agent_0f860fc0-e243-42a7-aa4e-39e67fbeb76f/.cache/firebase/emulators/ui-v1.15.0/client/assets/provider-icons
[debug] [2026-02-25T22:27:43.030Z] [unzip] deflating: /home/agent_0f860fc0-e243-42a7-aa4e-39e67fbeb76f/.cache/firebase/emulators/ui-v1.15.0/client/assets/provider-icons/auth_service_saml.svg
[debug] [2026-02-25T22:27:43.031Z] [unzip] Entry: client/assets/provider-icons/auth_service_phone.svg (compressed_size=261 bytes, uncompressed_size=414 bytes)
[debug] [2026-02-25T22:27:43.031Z] [unzip] Processing entry: client/assets/provider-icons/auth_service_phone.svg
[debug] [2026-02-25T22:27:43.031Z] [unzip] else mkdir: /home/agent_0f860fc0-e243-42a7-aa4e-39e67fbeb76f/.cache/firebase/emulators/ui-v1.15.0/client/assets/provider-icons
[debug] [2026-02-25T22:27:43.031Z] [unzip] deflating: /home/agent_0f860fc0-e243-42a7-aa4e-39e67fbeb76f/.cache/firebase/emulators/ui-v1.15.0/client/assets/provider-icons/auth_service_phone.svg
[debug] [2026-02-25T22:27:43.032Z] [unzip] Entry: client/assets/provider-icons/auth_service_facebook.svg (compressed_size=289 bytes, uncompressed_size=457 bytes)
[debug] [2026-02-25T22:27:43.032Z] [unzip] Processing entry: client/assets/provider-icons/auth_service_facebook.svg
[debug] [2026-02-25T22:27:43.032Z] [unzip] else mkdir: /home/agent_0f860fc0-e243-42a7-aa4e-39e67fbeb76f/.cache/firebase/emulators/ui-v1.15.0/client/assets/provider-icons
[debug] [2026-02-25T22:27:43.033Z] [unzip] deflating: /home/agent_0f860fc0-e243-42a7-aa4e-39e67fbeb76f/.cache/firebase/emulators/ui-v1.15.0/client/assets/provider-icons/auth_service_facebook.svg
[debug] [2026-02-25T22:27:43.033Z] [unzip] Entry: client/assets/provider-icons/auth_service_game_center.svg (compressed_size=991 bytes, uncompressed_size=3921 bytes)
[debug] [2026-02-25T22:27:43.033Z] [unzip] Processing entry: client/assets/provider-icons/auth_service_game_center.svg
[debug] [2026-02-25T22:27:43.033Z] [unzip] else mkdir: /home/agent_0f860fc0-e243-42a7-aa4e-39e67fbeb76f/.cache/firebase/emulators/ui-v1.15.0/client/assets/provider-icons
[debug] [2026-02-25T22:27:43.034Z] [unzip] deflating: /home/agent_0f860fc0-e243-42a7-aa4e-39e67fbeb76f/.cache/firebase/emulators/ui-v1.15.0/client/assets/provider-icons/auth_service_game_center.svg
[debug] [2026-02-25T22:27:43.034Z] [unzip] Entry: client/assets/provider-icons/auth_service_apple.svg (compressed_size=230 bytes, uncompressed_size=334 bytes)
[debug] [2026-02-25T22:27:43.034Z] [unzip] Processing entry: client/assets/provider-icons/auth_service_apple.svg
[debug] [2026-02-25T22:27:43.034Z] [unzip] else mkdir: /home/agent_0f860fc0-e243-42a7-aa4e-39e67fbeb76f/.cache/firebase/emulators/ui-v1.15.0/client/assets/provider-icons
[debug] [2026-02-25T22:27:43.035Z] [unzip] deflating: /home/agent_0f860fc0-e243-42a7-aa4e-39e67fbeb76f/.cache/firebase/emulators/ui-v1.15.0/client/assets/provider-icons/auth_service_apple.svg
[debug] [2026-02-25T22:27:43.036Z] [unzip] Entry: client/assets/provider-icons/auth_service_github.svg (compressed_size=466 bytes, uncompressed_size=838 bytes)
[debug] [2026-02-25T22:27:43.036Z] [unzip] Processing entry: client/assets/provider-icons/auth_service_github.svg
[debug] [2026-02-25T22:27:43.036Z] [unzip] else mkdir: /home/agent_0f860fc0-e243-42a7-aa4e-39e67fbeb76f/.cache/firebase/emulators/ui-v1.15.0/client/assets/provider-icons
[debug] [2026-02-25T22:27:43.036Z] [unzip] deflating: /home/agent_0f860fc0-e243-42a7-aa4e-39e67fbeb76f/.cache/firebase/emulators/ui-v1.15.0/client/assets/provider-icons/auth_service_github.svg
[debug] [2026-02-25T22:27:43.037Z] [unzip] Entry: client/assets/provider-icons/auth_service_mslive.svg (compressed_size=203 bytes, uncompressed_size=378 bytes)
[debug] [2026-02-25T22:27:43.037Z] [unzip] Processing entry: client/assets/provider-icons/auth_service_mslive.svg
[debug] [2026-02-25T22:27:43.037Z] [unzip] else mkdir: /home/agent_0f860fc0-e243-42a7-aa4e-39e67fbeb76f/.cache/firebase/emulators/ui-v1.15.0/client/assets/provider-icons
[debug] [2026-02-25T22:27:43.037Z] [unzip] deflating: /home/agent_0f860fc0-e243-42a7-aa4e-39e67fbeb76f/.cache/firebase/emulators/ui-v1.15.0/client/assets/provider-icons/auth_service_mslive.svg
[debug] [2026-02-25T22:27:43.038Z] [unzip] Entry: client/assets/provider-icons/auth_service_yahoo.svg (compressed_size=577 bytes, uncompressed_size=1182 bytes)
[debug] [2026-02-25T22:27:43.038Z] [unzip] Processing entry: client/assets/provider-icons/auth_service_yahoo.svg
[debug] [2026-02-25T22:27:43.038Z] [unzip] else mkdir: /home/agent_0f860fc0-e243-42a7-aa4e-39e67fbeb76f/.cache/firebase/emulators/ui-v1.15.0/client/assets/provider-icons
[debug] [2026-02-25T22:27:43.038Z] [unzip] deflating: /home/agent_0f860fc0-e243-42a7-aa4e-39e67fbeb76f/.cache/firebase/emulators/ui-v1.15.0/client/assets/provider-icons/auth_service_yahoo.svg
[debug] [2026-02-25T22:27:43.039Z] [unzip] Entry: client/assets/provider-icons/auth_service_twitter.svg (compressed_size=444 bytes, uncompressed_size=751 bytes)
[debug] [2026-02-25T22:27:43.039Z] [unzip] Processing entry: client/assets/provider-icons/auth_service_twitter.svg
[debug] [2026-02-25T22:27:43.039Z] [unzip] else mkdir: /home/agent_0f860fc0-e243-42a7-aa4e-39e67fbeb76f/.cache/firebase/emulators/ui-v1.15.0/client/assets/provider-icons
[debug] [2026-02-25T22:27:43.040Z] [unzip] deflating: /home/agent_0f860fc0-e243-42a7-aa4e-39e67fbeb76f/.cache/firebase/emulators/ui-v1.15.0/client/assets/provider-icons/auth_service_twitter.svg
[debug] [2026-02-25T22:27:43.040Z] [unzip] Entry: client/assets/provider-icons/auth_service_play_games.svg (compressed_size=565 bytes, uncompressed_size=1173 bytes)
[debug] [2026-02-25T22:27:43.041Z] [unzip] Processing entry: client/assets/provider-icons/auth_service_play_games.svg
[debug] [2026-02-25T22:27:43.041Z] [unzip] else mkdir: /home/agent_0f860fc0-e243-42a7-aa4e-39e67fbeb76f/.cache/firebase/emulators/ui-v1.15.0/client/assets/provider-icons
[debug] [2026-02-25T22:27:43.041Z] [unzip] deflating: /home/agent_0f860fc0-e243-42a7-aa4e-39e67fbeb76f/.cache/firebase/emulators/ui-v1.15.0/client/assets/provider-icons/auth_service_play_games.svg
[debug] [2026-02-25T22:27:43.042Z] [unzip] Entry: client/assets/provider-icons/auth_service_email.svg (compressed_size=228 bytes, uncompressed_size=326 bytes)
[debug] [2026-02-25T22:27:43.042Z] [unzip] Processing entry: client/assets/provider-icons/auth_service_email.svg
[debug] [2026-02-25T22:27:43.042Z] [unzip] else mkdir: /home/agent_0f860fc0-e243-42a7-aa4e-39e67fbeb76f/.cache/firebase/emulators/ui-v1.15.0/client/assets/provider-icons
[debug] [2026-02-25T22:27:43.042Z] [unzip] deflating: /home/agent_0f860fc0-e243-42a7-aa4e-39e67fbeb76f/.cache/firebase/emulators/ui-v1.15.0/client/assets/provider-icons/auth_service_email.svg
[debug] [2026-02-25T22:27:43.043Z] [unzip] Entry: client/assets/provider-icons/auth_service_google.svg (compressed_size=409 bytes, uncompressed_size=720 bytes)
[debug] [2026-02-25T22:27:43.043Z] [unzip] Processing entry: client/assets/provider-icons/auth_service_google.svg
[debug] [2026-02-25T22:27:43.043Z] [unzip] else mkdir: /home/agent_0f860fc0-e243-42a7-aa4e-39e67fbeb76f/.cache/firebase/emulators/ui-v1.15.0/client/assets/provider-icons
[debug] [2026-02-25T22:27:43.044Z] [unzip] deflating: /home/agent_0f860fc0-e243-42a7-aa4e-39e67fbeb76f/.cache/firebase/emulators/ui-v1.15.0/client/assets/provider-icons/auth_service_google.svg
[debug] [2026-02-25T22:27:43.045Z] [unzip] Entry: client/assets/provider-icons/auth_service_oidc.svg (compressed_size=414 bytes, uncompressed_size=858 bytes)
[debug] [2026-02-25T22:27:43.045Z] [unzip] Processing entry: client/assets/provider-icons/auth_service_oidc.svg
[debug] [2026-02-25T22:27:43.045Z] [unzip] else mkdir: /home/agent_0f860fc0-e243-42a7-aa4e-39e67fbeb76f/.cache/firebase/emulators/ui-v1.15.0/client/assets/provider-icons
[debug] [2026-02-25T22:27:43.046Z] [unzip] deflating: /home/agent_0f860fc0-e243-42a7-aa4e-39e67fbeb76f/.cache/firebase/emulators/ui-v1.15.0/client/assets/provider-icons/auth_service_oidc.svg
[debug] [2026-02-25T22:27:43.047Z] [unzip] Entry: client/browserconfig.xml (compressed_size=491 bytes, uncompressed_size=822 bytes)
[debug] [2026-02-25T22:27:43.047Z] [unzip] Processing entry: client/browserconfig.xml
[debug] [2026-02-25T22:27:43.047Z] [unzip] else mkdir: /home/agent_0f860fc0-e243-42a7-aa4e-39e67fbeb76f/.cache/firebase/emulators/ui-v1.15.0/client
[debug] [2026-02-25T22:27:43.047Z] [unzip] deflating: /home/agent_0f860fc0-e243-42a7-aa4e-39e67fbeb76f/.cache/firebase/emulators/ui-v1.15.0/client/browserconfig.xml
[debug] [2026-02-25T22:27:43.051Z] [unzip] Entry: client/favicon-32x32.png (compressed_size=475 bytes, uncompressed_size=475 bytes)
[debug] [2026-02-25T22:27:43.051Z] [unzip] Processing entry: client/favicon-32x32.png
[debug] [2026-02-25T22:27:43.051Z] [unzip] else mkdir: /home/agent_0f860fc0-e243-42a7-aa4e-39e67fbeb76f/.cache/firebase/emulators/ui-v1.15.0/client
[debug] [2026-02-25T22:27:43.052Z] [unzip] Writing file: /home/agent_0f860fc0-e243-42a7-aa4e-39e67fbeb76f/.cache/firebase/emulators/ui-v1.15.0/client/favicon-32x32.png
[debug] [2026-02-25T22:27:43.053Z] [unzip] Entry: server/ (compressed_size=0 bytes, uncompressed_size=0 bytes)
[debug] [2026-02-25T22:27:43.053Z] [unzip] Processing entry: server/
[debug] [2026-02-25T22:27:43.053Z] [unzip] mkdir: /home/agent_0f860fc0-e243-42a7-aa4e-39e67fbeb76f/.cache/firebase/emulators/ui-v1.15.0/server/
[debug] [2026-02-25T22:27:43.053Z] [unzip] Entry: server/server.mjs.map (compressed_size=217845 bytes, uncompressed_size=944978 bytes)
[debug] [2026-02-25T22:27:43.054Z] [unzip] Processing entry: server/server.mjs.map
[debug] [2026-02-25T22:27:43.054Z] [unzip] else mkdir: /home/agent_0f860fc0-e243-42a7-aa4e-39e67fbeb76f/.cache/firebase/emulators/ui-v1.15.0/server
[debug] [2026-02-25T22:27:43.054Z] [unzip] deflating: /home/agent_0f860fc0-e243-42a7-aa4e-39e67fbeb76f/.cache/firebase/emulators/ui-v1.15.0/server/server.mjs.map
[debug] [2026-02-25T22:27:43.066Z] [unzip] Entry: server/server.mjs (compressed_size=276407 bytes, uncompressed_size=933701 bytes)
[debug] [2026-02-25T22:27:43.066Z] [unzip] Processing entry: server/server.mjs
[debug] [2026-02-25T22:27:43.066Z] [unzip] else mkdir: /home/agent_0f860fc0-e243-42a7-aa4e-39e67fbeb76f/.cache/firebase/emulators/ui-v1.15.0/server
[debug] [2026-02-25T22:27:43.067Z] [unzip] deflating: /home/agent_0f860fc0-e243-42a7-aa4e-39e67fbeb76f/.cache/firebase/emulators/ui-v1.15.0/server/server.mjs
[debug] [2026-02-25T22:27:43.086Z] Could not find VSCode notification endpoint: FetchError: request to http://localhost:40001/vscode/notify failed, reason: . If you are not running the Firebase Data Connect VSCode extension, this is expected and not an issue.
[info] 
┌─────────────────────────────────────────────────────────────┐
│ ✔  All emulators ready! It is now safe to connect your app. │
│ i  View Emulator UI at http://127.0.0.1:4000/               │
└─────────────────────────────────────────────────────────────┘

┌────────────────┬────────────────┬─────────────────────────────────┐
│ Emulator       │ Host:Port      │ View in Emulator UI             │
├────────────────┼────────────────┼─────────────────────────────────┤
│ Authentication │ 127.0.0.1:9099 │ http://127.0.0.1:4000/auth      │
├────────────────┼────────────────┼─────────────────────────────────┤
│ Firestore      │ 127.0.0.1:8080 │ http://127.0.0.1:4000/firestore │
└────────────────┴────────────────┴─────────────────────────────────┘
  Emulator Hub host: 127.0.0.1 port: 4400
  Other reserved ports: 4500, 9150

Issues? Report them at https://github.com/firebase/firebase-tools/issues and attach the *-debug.log files.
 
